<?xml version="1.0" encoding="UTF-8"?>
<!-- Generated by org.testng.reporters.JUnitReportReporter -->
<testsuite hostname="IN-MDGTDTS1" name="marketplace.LoginPage_7S_UI_TestNG" tests="1" failures="0" timestamp="2 Nov 2015 06:43:46 GMT" time="24.105" errors="0">
  <testcase name="testLoginUI" time="24.105" classname="marketplace.LoginPage_7S_UI_TestNG"/>
</testsuite> <!-- marketplace.LoginPage_7S_UI_TestNG -->
