<?xml version="1.0" encoding="UTF-8"?>
<!-- Generated by org.testng.reporters.JUnitReportReporter -->
<testsuite hostname="IN-MDGTDTS1" name="marketplace.Header_1S_MorningstarLogo_TestNG" tests="1" failures="0" timestamp="27 Oct 2015 13:28:07 GMT" time="4.282" errors="0">
  <testcase name="testLoginUI" time="4.282" classname="marketplace.Header_1S_MorningstarLogo_TestNG"/>
</testsuite> <!-- marketplace.Header_1S_MorningstarLogo_TestNG -->
